<?xml version="1.0" encoding="UTF-8"?>
<!-- Generated by org.testng.reporters.JUnitReportReporter -->
<testsuite hostname="DESKTOP-LOJQU5K" failures="0" tests="3" name="Testngpractice.Annotations1" time="0.076" errors="0" timestamp="2022-11-22T15:30:48 IST" skipped="0">
  <testcase classname="Testngpractice.Annotations1" name="login" time="0.020"/>
  <system-out/>
  <testcase classname="Testngpractice.Annotations1" name="homepage" time="0.013"/>
  <system-out/>
  <testcase classname="Testngpractice.Annotations1" name="contactpage" time="0.043"/>
  <system-out/>
</testsuite> <!-- Testngpractice.Annotations1 -->
