<?xml version="1.0" encoding="UTF-8"?>
<!-- Generated by org.testng.reporters.JUnitReportReporter -->
<testsuite hostname="DESKTOP-LOJQU5K" failures="0" tests="2" name="Testngpractice.Annotation3" time="66.374" errors="0" timestamp="2022-11-22T18:03:52 IST" skipped="0">
  <testcase classname="Testngpractice.Annotation3" name="facebookTitle" time="37.817"/>
  <system-out/>
  <testcase classname="Testngpractice.Annotation3" name="googleTitle" time="28.557"/>
  <system-out/>
</testsuite> <!-- Testngpractice.Annotation3 -->
