<?xml version="1.0" encoding="UTF-8"?>
<!-- Generated by org.testng.reporters.JUnitReportReporter -->
<testsuite hostname="DESKTOP-LOJQU5K" failures="0" tests="1" name="Testngpractice.test1" time="13.326" errors="0" timestamp="2022-11-27T14:58:12 IST" skipped="0">
  <testcase classname="Testngpractice.test1" name="m1" time="13.326"/>
  <system-out/>
</testsuite> <!-- Testngpractice.test1 -->
