<?xml version="1.0" encoding="UTF-8"?>
<!-- Generated by org.testng.reporters.JUnitReportReporter -->
<testsuite hostname="DESKTOP-LOJQU5K" failures="0" tests="1" name="firstproject.Button5" time="40.765" errors="0" timestamp="2022-11-20T11:47:27 IST" skipped="0">
  <testcase classname="firstproject.Button5" name="button" time="40.765"/>
  <system-out/>
</testsuite> <!-- firstproject.Button5 -->
