<?xml version="1.0" encoding="UTF-8"?>
<!-- Generated by org.testng.reporters.JUnitReportReporter -->
<testsuite hostname="DESKTOP-LOJQU5K" failures="0" tests="2" name="Testngpractice.Annotations2" time="27.500" errors="0" timestamp="2022-11-22T17:21:11 IST" skipped="0">
  <testcase classname="Testngpractice.Annotations2" name="googleTitle" time="12.064"/>
  <system-out/>
  <testcase classname="Testngpractice.Annotations2" name="facebookTitle" time="15.436"/>
  <system-out/>
</testsuite> <!-- Testngpractice.Annotations2 -->
