<?xml version="1.0" encoding="UTF-8"?>
<!-- Generated by org.testng.reporters.JUnitReportReporter -->
<testsuite hostname="DESKTOP-LOJQU5K" failures="0" tests="1" name="baseLayer.Facebbok1" time="0.033" errors="0" timestamp="2022-11-06T16:38:49 IST" skipped="0">
  <testcase classname="baseLayer.Facebbok1" name="ad" time="0.033"/>
  <system-out/>
</testsuite> <!-- baseLayer.Facebbok1 -->
