<?xml version="1.0" encoding="UTF-8"?>
<!-- Generated by org.testng.reporters.JUnitReportReporter -->
<testsuite hostname="DESKTOP-LOJQU5K" failures="0" tests="3" name="Testngpractice.Test3" time="0.059" errors="0" timestamp="2022-11-21T23:45:52 IST" skipped="0">
  <testcase classname="Testngpractice.Test3" name="xyz" time="0.007"/>
  <system-out/>
  <testcase classname="Testngpractice.Test3" name="abc" time="0.048"/>
  <system-out/>
  <testcase classname="Testngpractice.Test3" name="pqr" time="0.004"/>
  <system-out/>
</testsuite> <!-- Testngpractice.Test3 -->
