<?xml version="1.0" encoding="UTF-8"?>
<!-- Generated by org.testng.reporters.JUnitReportReporter -->
<testsuite hostname="DESKTOP-LOJQU5K" failures="0" tests="2" name="Testngpractice.Annotation5" time="31.913" errors="0" timestamp="2022-11-22T23:10:32 IST" skipped="0">
  <testcase classname="Testngpractice.Annotation5" name="googleTitle" time="21.122"/>
  <system-out/>
  <testcase classname="Testngpractice.Annotation5" name="facebooktitle" time="10.791"/>
  <system-out/>
</testsuite> <!-- Testngpractice.Annotation5 -->
