<?xml version="1.0" encoding="UTF-8"?>
<!-- Generated by org.testng.reporters.JUnitReportReporter -->
<testsuite hostname="DESKTOP-LOJQU5K" failures="0" tests="3" name="Testngpractice.Test4" time="0.032" errors="0" timestamp="2022-11-21T14:24:02 IST" skipped="0">
  <testcase classname="Testngpractice.Test4" name="abc" time="0.027"/>
  <system-out/>
  <testcase classname="Testngpractice.Test4" name="xyz" time="0.003"/>
  <system-out/>
  <testcase classname="Testngpractice.Test4" name="pqr" time="0.002"/>
  <system-out/>
</testsuite> <!-- Testngpractice.Test4 -->
