<?xml version="1.0" encoding="UTF-8"?>
<!-- Generated by org.testng.reporters.JUnitReportReporter -->
<testsuite hostname="DESKTOP-LOJQU5K" failures="0" tests="2" name="Testngpractice.Test10" time="0.053" errors="0" timestamp="2022-11-22T14:46:35 IST" skipped="0">
  <testcase classname="Testngpractice.Test10" name="login" time="0.050"/>
  <system-out/>
  <testcase classname="Testngpractice.Test10" name="homepage" time="0.003"/>
  <system-out/>
</testsuite> <!-- Testngpractice.Test10 -->
