<?xml version="1.0" encoding="UTF-8"?>
<!-- Generated by org.testng.reporters.JUnitReportReporter -->
<testsuite hostname="DESKTOP-LOJQU5K" failures="0" tests="3" name="Testngpractice.Test5" time="0.057" errors="0" timestamp="2022-11-21T14:42:16 IST" skipped="0">
  <testcase classname="Testngpractice.Test5" name="admin" time="0.044"/>
  <system-out/>
  <testcase classname="Testngpractice.Test5" name="login" time="0.009"/>
  <system-out/>
  <testcase classname="Testngpractice.Test5" name="home" time="0.004"/>
  <system-out/>
</testsuite> <!-- Testngpractice.Test5 -->
