<?xml version="1.0" encoding="UTF-8"?>
<!-- Generated by org.testng.reporters.JUnitReportReporter -->
<testsuite hostname="DESKTOP-LOJQU5K" failures="0" tests="3" name="Testngpractice.Annotation" time="0.034" errors="0" timestamp="2022-11-22T23:35:47 IST" skipped="0">
  <testcase classname="Testngpractice.Annotation" name="login" time="0.018"/>
  <system-out/>
  <testcase classname="Testngpractice.Annotation" name="homepage" time="0.012"/>
  <system-out/>
  <testcase classname="Testngpractice.Annotation" name="contactpage" time="0.004"/>
  <system-out/>
</testsuite> <!-- Testngpractice.Annotation -->
