<?xml version="1.0" encoding="UTF-8"?>
<!-- Generated by org.testng.reporters.JUnitReportReporter -->
<testsuite hostname="DESKTOP-LOJQU5K" failures="0" tests="1" name="Testngpractice.Test2" time="12.975" errors="0" timestamp="2022-11-21T14:02:40 IST" skipped="0">
  <testcase classname="Testngpractice.Test2" name="m1" time="12.975"/>
  <system-out/>
</testsuite> <!-- Testngpractice.Test2 -->
