<?xml version="1.0" encoding="UTF-8"?>
<!-- Generated by org.testng.reporters.JUnitReportReporter -->
<testsuite hostname="DESKTOP-LOJQU5K" failures="0" tests="3" name="Testngpractice.Annotations4" time="0.024" errors="0" timestamp="2022-11-22T19:07:24 IST" skipped="0">
  <testcase classname="Testngpractice.Annotations4" name="testcase3" time="0.006"/>
  <system-out/>
  <testcase classname="Testngpractice.Annotations4" name="testcase1" time="0.015"/>
  <system-out/>
  <testcase classname="Testngpractice.Annotations4" name="testcase2" time="0.003"/>
  <system-out/>
</testsuite> <!-- Testngpractice.Annotations4 -->
